<?xml version="1.0" encoding="UTF-8"?>
<testng-results ignored="0" total="1" passed="1" failed="0" skipped="0">
  <reporter-output>
  </reporter-output>
  <suite started-at="2023-09-29T10:08:59 CEST" name="All Test Suite" finished-at="2023-09-29T10:08:59 CEST" duration-ms="41">
    <groups>
    </groups>
    <test started-at="2023-09-29T10:08:59 CEST" name="C:/Users/raul/IdeaProjects/untitled" finished-at="2023-09-29T10:08:59 CEST" duration-ms="41">
      <class name="TestNG.Introduccion.FirstTest">
        <test-method signature="setup()[pri:0, instance:TestNG.Introduccion.FirstTest@67c33749]" started-at="2023-09-29T10:08:59 CEST" name="setup" finished-at="2023-09-29T10:08:59 CEST" duration-ms="5" status="PASS">
          <reporter-output>
          </reporter-output>
        </test-method> <!-- setup -->
      </class> <!-- TestNG.Introduccion.FirstTest -->
    </test> <!-- C:/Users/raul/IdeaProjects/untitled -->
  </suite> <!-- All Test Suite -->
</testng-results>
